  Target.cpp
c:\wd\darts\src\target.cpp(99): warning C4244: 'initializing': conversion from 'float' to 'int', possible loss of data
c:\wd\darts\src\target.cpp(134): warning C4244: 'initializing': conversion from 'double' to 'float', possible loss of data
  Scoretable.cpp
c:\wd\darts\src\scoretable.cpp(51): warning C4244: 'argument': conversion from 'int' to 'float', possible loss of data
c:\wd\darts\src\scoretable.cpp(58): warning C4244: 'argument': conversion from 'int' to 'float', possible loss of data
c:\wd\darts\src\scoretable.cpp(83): warning C4244: 'argument': conversion from 'int' to 'float', possible loss of data
c:\wd\darts\src\scoretable.cpp(90): warning C4244: 'argument': conversion from 'int' to 'float', possible loss of data
  Menu.cpp
c:\wd\darts\oxygine-framework\oxygine\src\math\vector2.h(31): warning C4244: '/=': conversion from 'double' to 'float', possible loss of data
  c:\wd\darts\src\menu.cpp(43): note: see reference to function template instantiation 'oxygine::VectorT2<float> oxygine::VectorT2<float>::operator /<double>(R) const' being compiled
          with
          [
              R=double
          ]
  c:\wd\darts\src\menu.cpp(43): note: see reference to function template instantiation 'oxygine::VectorT2<float> oxygine::VectorT2<float>::operator /<double>(R) const' being compiled
          with
          [
              R=double
          ]
c:\wd\darts\oxygine-framework\oxygine\src\math\vector2.h(31): warning C4244: '/=': conversion from 'double' to 'float', possible loss of data
  Game.cpp
c:\wd\darts\src\game.cpp(61): warning C4244: 'argument': conversion from 'time_t' to 'unsigned int', possible loss of data
c:\wd\darts\src\game.cpp(123): warning C4305: 'argument': truncation from 'double' to 'float'
c:\wd\darts\src\game.cpp(205): warning C4305: 'argument': truncation from 'double' to 'float'
  App.cpp
  Generating Code...
App.obj : warning LNK4075: ignoring '/EDITANDCONTINUE' due to '/OPT:LBR' specification
  oxygine_d.lib(jerror.obj) : MSIL .netmodule or module compiled with /GL found; restarting link with /LTCG; add /LTCG to the link command line to improve linker performance
App.obj : warning LNK4075: ignoring '/EDITANDCONTINUE' due to '/OPT:LBR' specification
LINK : warning LNK4098: defaultlib 'MSVCRT' conflicts with use of other libs; use /NODEFAULTLIB:library
MSVCRTD.lib(initializers.obj) : warning LNK4098: defaultlib 'libcmt.lib' conflicts with use of other libs; use /NODEFAULTLIB:library
  Generating code
  Finished generating code
  darts.vcxproj -> C:\wd\darts\proj.win32\Debug_v140\darts.exe
