c:\wd\darts\proj.win32\debug_v140\vc140.pdb
c:\wd\darts\proj.win32\debug_v140\vc140.idb
c:\wd\darts\proj.win32\debug_v140\app.obj
c:\wd\darts\proj.win32\debug_v140\dartboard.obj
c:\wd\darts\proj.win32\debug_v140\game.obj
c:\wd\darts\proj.win32\debug_v140\main.obj
c:\wd\darts\proj.win32\debug_v140\menu.obj
c:\wd\darts\proj.win32\debug_v140\range.obj
c:\wd\darts\proj.win32\debug_v140\scoretable.obj
c:\wd\darts\proj.win32\debug_v140\slider.obj
c:\wd\darts\proj.win32\debug_v140\target.obj
c:\wd\darts\proj.win32\debug_v140\darts.exe
c:\wd\darts\proj.win32\debug_v140\darts.pdb
c:\wd\darts\proj.win32\debug_v140\darts.vcxprojresolveassemblyreference.cache
c:\wd\darts\proj.win32\debug_v140\oxygine-sound.pdb
c:\wd\darts\proj.win32\debug_v140\darts.tlog\cl.command.1.tlog
c:\wd\darts\proj.win32\debug_v140\darts.tlog\cl.read.1.tlog
c:\wd\darts\proj.win32\debug_v140\darts.tlog\cl.write.1.tlog
c:\wd\darts\proj.win32\debug_v140\darts.tlog\link.command.1.tlog
c:\wd\darts\proj.win32\debug_v140\darts.tlog\link.read.1.tlog
c:\wd\darts\proj.win32\debug_v140\darts.tlog\link.write.1.tlog
